<?xml version="1.0" encoding="UTF-8"?>
<!-- Generated by org.testng.reporters.JUnitXMLReporter -->
<testsuite hostname="DESKTOP-RCO6D0F" name="home page test" tests="3" failures="0" timestamp="5 Jul 2020 16:40:30 GMT" time="24.443" errors="0">
  <testcase name="verifygetHomePageHeaderTest" time="5.7" classname="com.qa.hubspot.tests.HomePageTest"/>
  <testcase name="verifyLoggedinUserTest" time="0.086" classname="com.qa.hubspot.tests.HomePageTest"/>
  <testcase name="verifyhomePageTitleTest" time="0.012" classname="com.qa.hubspot.tests.HomePageTest"/>
</testsuite> <!-- home page test -->
