<?xml version="1.0" encoding="UTF-8"?>
<!-- Generated by org.testng.reporters.JUnitXMLReporter -->
<testsuite hostname="DESKTOP-RCO6D0F" name="login page test" tests="3" failures="0" timestamp="6 Jul 2020 19:54:03 GMT" time="23.612" errors="0">
  <testcase name="verifySignUplinkTest" time="7.11" classname="com.qa.hubspot.tests.LoginPageTest"/>
  <testcase name="verifyLoginPageTitleTest" time="0.295" classname="com.qa.hubspot.tests.LoginPageTest"/>
  <testcase name="verifyDoLogin" time="2.594" classname="com.qa.hubspot.tests.LoginPageTest"/>
</testsuite> <!-- login page test -->
