<?xml version="1.0" encoding="UTF-8"?>
<!-- Generated by org.testng.reporters.JUnitXMLReporter -->
<testsuite hostname="DESKTOP-RCO6D0F" name="login page test" tests="3" failures="0" timestamp="29 Jun 2020 15:01:43 GMT" time="20.929" errors="0">
  <testcase name="verifySignUplinkTest" time="7.227" classname="com.qa.hubspot.tests.LoginPageTest"/>
  <testcase name="verifyLoginPageTitleTest" time="0.006" classname="com.qa.hubspot.tests.LoginPageTest"/>
  <testcase name="verifyDoLogin" time="1.579" classname="com.qa.hubspot.tests.LoginPageTest"/>
</testsuite> <!-- login page test -->
