<?xml version="1.0" encoding="UTF-8"?>
<!-- Generated by org.testng.reporters.JUnitXMLReporter -->
<testsuite hostname="DESKTOP-RCO6D0F" name="Default test" tests="3" failures="0" timestamp="5 Jul 2020 16:37:50 GMT" time="26.055" errors="0">
  <testcase name="verifygetHomePageHeaderTest" time="6.894" classname="com.qa.hubspot.tests.HomePageTest"/>
  <testcase name="verifyLoggedinUserTest" time="0.054" classname="com.qa.hubspot.tests.HomePageTest"/>
  <testcase name="verifyhomePageTitleTest" time="0.012" classname="com.qa.hubspot.tests.HomePageTest"/>
</testsuite> <!-- Default test -->
