<?xml version="1.0" encoding="UTF-8"?>
<!-- Generated by org.testng.reporters.JUnitXMLReporter -->
<testsuite hostname="DESKTOP-RCO6D0F" name="Default test" tests="3" failures="0" timestamp="28 Jun 2020 18:50:31 GMT" time="22.11" errors="0">
  <testcase name="verifygetHomePageHeaderTest" time="5.356" classname="com.qa.hubspot.tests.HomePageTest"/>
  <testcase name="verifyLoggedinUserTest" time="0.065" classname="com.qa.hubspot.tests.HomePageTest"/>
  <testcase name="verifyhomePageTitleTest" time="0.006" classname="com.qa.hubspot.tests.HomePageTest"/>
</testsuite> <!-- Default test -->
