<?xml version="1.0" encoding="UTF-8"?>
<testng-results skipped="0" failed="0" total="2" passed="2">
  <reporter-output>
  </reporter-output>
  <suite name="Default suite" duration-ms="25429" started-at="2020-07-06T19:56:06Z" finished-at="2020-07-06T19:56:32Z">
    <groups>
    </groups>
    <test name="Default test" duration-ms="25429" started-at="2020-07-06T19:56:06Z" finished-at="2020-07-06T19:56:32Z">
      <class name="com.qa.hubspot.tests.ContactsPageTest">
        <test-method status="PASS" signature="setUp()[pri:0, instance:com.qa.hubspot.tests.ContactsPageTest@71c7db30]" name="setUp" is-config="true" duration-ms="9161" started-at="2020-07-07T01:26:06Z" finished-at="2020-07-07T01:26:15Z">
          <reporter-output>
          </reporter-output>
        </test-method> <!-- setUp -->
        <test-method status="PASS" signature="contactsSetup()[pri:0, instance:com.qa.hubspot.tests.ContactsPageTest@71c7db30]" name="contactsSetup" is-config="true" duration-ms="10887" started-at="2020-07-07T01:26:15Z" finished-at="2020-07-07T01:26:26Z">
          <reporter-output>
          </reporter-output>
        </test-method> <!-- contactsSetup -->
        <test-method status="PASS" signature="verifyContactsTitleTest()[pri:1, instance:com.qa.hubspot.tests.ContactsPageTest@71c7db30]" name="verifyContactsTitleTest" duration-ms="644" started-at="2020-07-07T01:26:26Z" finished-at="2020-07-07T01:26:27Z">
          <reporter-output>
          </reporter-output>
        </test-method> <!-- verifyContactsTitleTest -->
        <test-method status="PASS" signature="createContactstest()[pri:2, instance:com.qa.hubspot.tests.ContactsPageTest@71c7db30]" name="createContactstest" duration-ms="4000" started-at="2020-07-07T01:26:27Z" finished-at="2020-07-07T01:26:31Z">
          <reporter-output>
          </reporter-output>
        </test-method> <!-- createContactstest -->
        <test-method status="PASS" signature="quit()[pri:0, instance:com.qa.hubspot.tests.ContactsPageTest@71c7db30]" name="quit" is-config="true" duration-ms="723" started-at="2020-07-07T01:26:31Z" finished-at="2020-07-07T01:26:32Z">
          <reporter-output>
          </reporter-output>
        </test-method> <!-- quit -->
      </class> <!-- com.qa.hubspot.tests.ContactsPageTest -->
    </test> <!-- Default test -->
  </suite> <!-- Default suite -->
</testng-results>
