<?xml version="1.0" encoding="UTF-8"?>
<testng-results skipped="0" failed="0" total="6" passed="6">
  <reporter-output>
  </reporter-output>
  <suite name="Hub spot Test regression suite" duration-ms="24443" started-at="2020-07-05T16:40:06Z" finished-at="2020-07-05T16:40:30Z">
    <groups>
    </groups>
    <test name="login page test" duration-ms="18614" started-at="2020-07-05T16:40:06Z" finished-at="2020-07-05T16:40:24Z">
      <class name="com.qa.hubspot.tests.LoginPageTest">
        <test-method status="PASS" signature="setUp()[pri:0, instance:com.qa.hubspot.tests.LoginPageTest@19bb089b]" name="setUp" is-config="true" duration-ms="8705" started-at="2020-07-05T22:10:06Z" finished-at="2020-07-05T22:10:15Z">
          <reporter-output>
          </reporter-output>
        </test-method> <!-- setUp -->
        <test-method status="PASS" signature="verifySignUplinkTest()[pri:1, instance:com.qa.hubspot.tests.LoginPageTest@19bb089b]" name="verifySignUplinkTest" duration-ms="6406" started-at="2020-07-05T22:10:15Z" finished-at="2020-07-05T22:10:21Z">
          <reporter-output>
          </reporter-output>
        </test-method> <!-- verifySignUplinkTest -->
        <test-method status="PASS" signature="verifyLoginPageTitleTest()[pri:2, instance:com.qa.hubspot.tests.LoginPageTest@19bb089b]" name="verifyLoginPageTitleTest" duration-ms="54" started-at="2020-07-05T22:10:21Z" finished-at="2020-07-05T22:10:21Z">
          <reporter-output>
          </reporter-output>
        </test-method> <!-- verifyLoginPageTitleTest -->
        <test-method status="PASS" signature="verifyDoLogin()[pri:3, instance:com.qa.hubspot.tests.LoginPageTest@19bb089b]" name="verifyDoLogin" duration-ms="1842" started-at="2020-07-05T22:10:21Z" finished-at="2020-07-05T22:10:23Z">
          <reporter-output>
          </reporter-output>
        </test-method> <!-- verifyDoLogin -->
        <test-method status="PASS" signature="quit()[pri:0, instance:com.qa.hubspot.tests.LoginPageTest@19bb089b]" name="quit" is-config="true" duration-ms="1586" started-at="2020-07-05T22:10:23Z" finished-at="2020-07-05T22:10:24Z">
          <reporter-output>
          </reporter-output>
        </test-method> <!-- quit -->
      </class> <!-- com.qa.hubspot.tests.LoginPageTest -->
    </test> <!-- login page test -->
    <test name="home page test" duration-ms="24443" started-at="2020-07-05T16:40:06Z" finished-at="2020-07-05T16:40:30Z">
      <class name="com.qa.hubspot.tests.HomePageTest">
        <test-method status="PASS" signature="setUp()[pri:0, instance:com.qa.hubspot.tests.HomePageTest@2752f6e2]" name="setUp" is-config="true" duration-ms="9573" started-at="2020-07-05T22:10:06Z" finished-at="2020-07-05T22:10:15Z">
          <reporter-output>
          </reporter-output>
        </test-method> <!-- setUp -->
        <test-method status="PASS" signature="homePageSetup()[pri:0, instance:com.qa.hubspot.tests.HomePageTest@2752f6e2]" name="homePageSetup" is-config="true" duration-ms="8340" started-at="2020-07-05T22:10:15Z" finished-at="2020-07-05T22:10:24Z">
          <reporter-output>
          </reporter-output>
        </test-method> <!-- homePageSetup -->
        <test-method status="PASS" signature="verifygetHomePageHeaderTest()[pri:1, instance:com.qa.hubspot.tests.HomePageTest@2752f6e2]" name="verifygetHomePageHeaderTest" duration-ms="5700" started-at="2020-07-05T22:10:24Z" finished-at="2020-07-05T22:10:29Z">
          <reporter-output>
          </reporter-output>
        </test-method> <!-- verifygetHomePageHeaderTest -->
        <test-method status="PASS" signature="verifyLoggedinUserTest()[pri:2, instance:com.qa.hubspot.tests.HomePageTest@2752f6e2]" name="verifyLoggedinUserTest" duration-ms="86" started-at="2020-07-05T22:10:29Z" finished-at="2020-07-05T22:10:30Z">
          <reporter-output>
          </reporter-output>
        </test-method> <!-- verifyLoggedinUserTest -->
        <test-method status="PASS" signature="verifyhomePageTitleTest()[pri:3, instance:com.qa.hubspot.tests.HomePageTest@2752f6e2]" name="verifyhomePageTitleTest" duration-ms="12" started-at="2020-07-05T22:10:30Z" finished-at="2020-07-05T22:10:30Z">
          <reporter-output>
          </reporter-output>
        </test-method> <!-- verifyhomePageTitleTest -->
        <test-method status="PASS" signature="quit()[pri:0, instance:com.qa.hubspot.tests.HomePageTest@2752f6e2]" name="quit" is-config="true" duration-ms="725" started-at="2020-07-05T22:10:30Z" finished-at="2020-07-05T22:10:30Z">
          <reporter-output>
          </reporter-output>
        </test-method> <!-- quit -->
      </class> <!-- com.qa.hubspot.tests.HomePageTest -->
    </test> <!-- home page test -->
  </suite> <!-- Hub spot Test regression suite -->
</testng-results>
